2016-05-28 18:31:42 | Node app is running on port 5000 
2016-05-28 18:31:55 | get session 
2016-05-28 18:31:57 | get phishing 
2016-05-28 18:31:57 | get phishing 8318080209014270655 
2016-05-28 18:31:57 | logged in. 
2016-05-28 18:31:57 | ******************************************************* 
2016-05-28 18:31:57 | ******************************************************* 
2016-05-28 18:31:57 | ******************************************************* 
2016-05-28 18:31:58 | CREDITS:: 8492 
2016-05-28 18:31:58 | login::session keeped alive 
2016-05-28 18:31:59 | reList::ALL RELISTED { tradeIdList: 
   [ { id: 4090408586, idStr: '4090408586' },
     { id: 4090422502, idStr: '4090422502' } ] } 
2016-05-28 18:31:59 | handler::NEW CYCLE 
2016-05-28 18:32:00 | =============== 
2016-05-28 18:32:00 | CONDITIONS CHECK 
2016-05-28 18:32:00 | findObject.maxb 3800 ||| maxCost 100000 
2016-05-28 18:32:00 | spendMoney 0 ||| moneyLimit 8492 
2016-05-28 18:32:00 | boughtItems 0 ||| itemsLimit 8 
2016-05-28 18:32:00 | =============== 
2016-05-28 18:32:00 | search:: { type: 'player',
  rare: 'SP',
  minb: 3200,
  maxb: 4000,
  start: 0,
  num: 20 } 
2016-05-28 18:32:05 | [ { id: 105427986296, rare: 3, rating: 64, buyNowPrice: 4000 },
  { id: 104896868962, rare: 11, rating: 64, buyNowPrice: 3900 },
  { id: 104915415759, rare: 11, rating: 64, buyNowPrice: 3900 },
  { id: 104896478158, rare: 11, rating: 64, buyNowPrice: 3900 },
  { id: 104898604444, rare: 11, rating: 64, buyNowPrice: 3900 },
  { id: 104877118818, rare: 11, rating: 64, buyNowPrice: 3900 },
  { id: 105328615319, rare: 3, rating: 64, buyNowPrice: 3900 },
  { id: 104876983113, rare: 11, rating: 64, buyNowPrice: 3900 },
  { id: 104921644924, rare: 11, rating: 64, buyNowPrice: 3900 },
  { id: 104977627475, rare: 11, rating: 64, buyNowPrice: 3900 },
  { id: 104975177240, rare: 11, rating: 64, buyNowPrice: 3900 },
  { id: 104882521913, rare: 11, rating: 64, buyNowPrice: 3900 },
  { id: 104977577271, rare: 11, rating: 64, buyNowPrice: 3900 },
  { id: 104875906296, rare: 11, rating: 64, buyNowPrice: 3900 },
  { id: 105373473796, rare: 3, rating: 64, buyNowPrice: 3900 },
  { id: 104930598713, rare: 11, rating: 64, buyNowPrice: 4000 },
  { id: 104955354487, rare: 11, rating: 64, buyNowPrice: 3900 },
  { id: 104997239408, rare: 11, rating: 64, buyNowPrice: 3900 },
  { id: 105303553290, rare: 3, rating: 64, buyNowPrice: 3900 },
  { id: 104865921324, rare: 11, rating: 64, buyNowPrice: 4000 } ] 
2016-05-28 18:32:05 | search::completed, found : 20 elements 
2016-05-28 18:32:05 | =============== 
2016-05-28 18:32:05 | CONDITIONS CHECK 
2016-05-28 18:32:05 | findObject.maxb 4000 ||| maxCost 100000 
2016-05-28 18:32:05 | spendMoney 0 ||| moneyLimit 8492 
2016-05-28 18:32:05 | boughtItems 0 ||| itemsLimit 8 
2016-05-28 18:32:05 | =============== 
2016-05-28 18:32:05 | buyMin::TOO LOW SPEED, SKIP THIS PLAYER 
2016-05-28 18:32:05 | buyMin::PLAYER ALREADY BOUGHT 
2016-05-28 18:32:05 | buyMin::PLAYER ALREADY BOUGHT 
2016-05-28 18:32:05 | ------------------ 
2016-05-28 18:32:05 | =============== 
2016-05-28 18:32:05 | CONDITIONS CHECK 
2016-05-28 18:32:05 | findObject.maxb 4000 ||| maxCost 100000 
2016-05-28 18:32:05 | spendMoney 0 ||| moneyLimit 8492 
2016-05-28 18:32:05 | boughtItems 0 ||| itemsLimit 8 
2016-05-28 18:32:05 | =============== 
2016-05-28 18:32:05 | buyMin::TOO LOW SPEED, SKIP THIS PLAYER 
2016-05-28 18:32:05 | buyMin::PLAYER ALREADY BOUGHT 
2016-05-28 18:32:05 | buyMin::PLAYER ALREADY BOUGHT 
2016-05-28 18:32:05 | ------------------ 
2016-05-28 18:32:05 | =============== 
2016-05-28 18:32:05 | CONDITIONS CHECK 
2016-05-28 18:32:05 | findObject.maxb 4000 ||| maxCost 100000 
2016-05-28 18:32:05 | spendMoney 0 ||| moneyLimit 8492 
2016-05-28 18:32:05 | boughtItems 0 ||| itemsLimit 8 
2016-05-28 18:32:05 | =============== 
2016-05-28 18:32:12 | buyMin::PLAYERS FOUND BY ID 219466 NUMBER 25 
2016-05-28 18:32:16 | buyMin::prices for current [ 3900, 3900, 3900, 3900, 3900, 3900, 4000, 4400, 4600 ] 
2016-05-28 18:32:16 | buyMin::TOO MANY PLAYERS WITH SAME LOW PRICE 
2016-05-28 18:32:16 | buyMin::PLAYER ALREADY BOUGHT 
2016-05-28 18:32:16 | buyMin::PLAYER ALREADY BOUGHT 
2016-05-28 18:32:16 | ------------------ 
2016-05-28 18:32:16 | =============== 
2016-05-28 18:32:16 | CONDITIONS CHECK 
2016-05-28 18:32:16 | findObject.maxb 4000 ||| maxCost 100000 
2016-05-28 18:32:16 | spendMoney 0 ||| moneyLimit 8492 
2016-05-28 18:32:16 | boughtItems 0 ||| itemsLimit 8 
2016-05-28 18:32:16 | =============== 
2016-05-28 18:32:20 | buyMin::PLAYERS FOUND BY ID 178421 NUMBER 34 
2016-05-28 18:32:27 | buyMin::prices for current [ 3800, 3900, 3900, 3900, 3900, 4200, 4400, 4400 ] 
2016-05-28 18:32:27 | buyMin::BUY FOR * 3800 
2016-05-28 18:32:27 | buyMin::AVERAGE COST * 4000 
2016-05-28 18:32:27 | buyMin::PLAYER 4089413389 WITH RATING * 64 * BOUGHT FOR 3800 
2016-05-28 18:32:27 | toTradepile::player 104896478158 
2016-05-28 18:32:35 | toTradepile::PLAYER 4089413389 WITH RATING 64 SEND TO TRADEPILE 
2016-05-28 18:32:41 | sell:: { id: 4090424516, idStr: '4090424516' } 
2016-05-28 18:32:41 | sell::PLAYER 4089413389 WITH RATING 64 SEND TO TRANSFER, BID 3900 , BUY NOW 4000 
2016-05-28 18:32:41 | ------------------ 
2016-05-28 18:32:41 | =============== 
2016-05-28 18:32:41 | CONDITIONS CHECK 
2016-05-28 18:32:41 | findObject.maxb 4000 ||| maxCost 100000 
2016-05-28 18:32:41 | spendMoney 3800 ||| moneyLimit 8492 
2016-05-28 18:32:41 | boughtItems 1 ||| itemsLimit 8 
2016-05-28 18:32:41 | =============== 
2016-05-28 18:32:41 | buyMin::TOO LOW SPEED, SKIP THIS PLAYER 
2016-05-28 18:32:41 | buyMin::PLAYER ALREADY BOUGHT 
2016-05-28 18:32:41 | buyMin::PLAYER ALREADY BOUGHT 
2016-05-28 18:32:41 | ------------------ 
2016-05-28 18:32:41 | =============== 
2016-05-28 18:32:41 | CONDITIONS CHECK 
2016-05-28 18:32:41 | findObject.maxb 4000 ||| maxCost 100000 
2016-05-28 18:32:41 | spendMoney 3800 ||| moneyLimit 8492 
2016-05-28 18:32:41 | boughtItems 1 ||| itemsLimit 8 
2016-05-28 18:32:41 | =============== 
2016-05-28 18:32:41 | buyMin::TOO LOW SPEED, SKIP THIS PLAYER 
2016-05-28 18:32:41 | buyMin::PLAYER ALREADY BOUGHT 
2016-05-28 18:32:41 | buyMin::PLAYER ALREADY BOUGHT 
2016-05-28 18:32:41 | ------------------ 
2016-05-28 18:32:41 | =============== 
2016-05-28 18:32:41 | CONDITIONS CHECK 
2016-05-28 18:32:41 | findObject.maxb 4000 ||| maxCost 100000 
2016-05-28 18:32:41 | spendMoney 3800 ||| moneyLimit 8492 
2016-05-28 18:32:41 | boughtItems 1 ||| itemsLimit 8 
2016-05-28 18:32:41 | =============== 
2016-05-28 18:32:41 | buyMin::TOO LOW SPEED, SKIP THIS PLAYER 
2016-05-28 18:32:41 | buyMin::PLAYER ALREADY BOUGHT 
2016-05-28 18:32:41 | buyMin::PLAYER ALREADY BOUGHT 
2016-05-28 18:32:41 | ------------------ 
2016-05-28 18:32:41 | =============== 
2016-05-28 18:32:41 | CONDITIONS CHECK 
2016-05-28 18:32:41 | findObject.maxb 4000 ||| maxCost 100000 
2016-05-28 18:32:41 | spendMoney 3800 ||| moneyLimit 8492 
2016-05-28 18:32:41 | boughtItems 1 ||| itemsLimit 8 
2016-05-28 18:32:41 | =============== 
2016-05-28 18:32:41 | buyMin::TOO LOW SPEED, SKIP THIS PLAYER 
2016-05-28 18:32:41 | buyMin::PLAYER ALREADY BOUGHT 
2016-05-28 18:32:41 | buyMin::PLAYER ALREADY BOUGHT 
2016-05-28 18:32:41 | ------------------ 
2016-05-28 18:32:41 | =============== 
2016-05-28 18:32:41 | CONDITIONS CHECK 
2016-05-28 18:32:41 | findObject.maxb 4000 ||| maxCost 100000 
2016-05-28 18:32:41 | spendMoney 3800 ||| moneyLimit 8492 
2016-05-28 18:32:41 | boughtItems 1 ||| itemsLimit 8 
2016-05-28 18:32:41 | =============== 
2016-05-28 18:32:41 | buyMin::TOO LOW SPEED, SKIP THIS PLAYER 
2016-05-28 18:32:41 | buyMin::PLAYER ALREADY BOUGHT 
2016-05-28 18:32:41 | buyMin::PLAYER ALREADY BOUGHT 
2016-05-28 18:32:41 | ------------------ 
2016-05-28 18:32:41 | =============== 
2016-05-28 18:32:41 | CONDITIONS CHECK 
2016-05-28 18:32:41 | findObject.maxb 4000 ||| maxCost 100000 
2016-05-28 18:32:41 | spendMoney 3800 ||| moneyLimit 8492 
2016-05-28 18:32:41 | boughtItems 1 ||| itemsLimit 8 
2016-05-28 18:32:41 | =============== 
2016-05-28 18:32:47 | buyMin::PLAYERS FOUND BY ID 178421 NUMBER 34 
2016-05-28 18:32:51 | buyMin::prices for current [ 3800, 3900, 3900, 3900, 3900, 4200, 4400, 4400 ] 
2016-05-28 18:32:51 | buyMin::BUY FOR * 3800 
2016-05-28 18:32:51 | buyMin::AVERAGE COST * 4000 
2016-05-28 18:32:51 | buyMin::PLAYER 4089529750 WITH RATING * 64 * BOUGHT FOR 3800 
2016-05-28 18:32:51 | toTradepile::player 104977627475 
2016-05-28 18:32:56 | toTradepile::answer { itemData: 
   [ { id: 104945608010,
       reason: 'Permission Denied',
       pile: 'trade',
       success: false,
       errorCode: 461 } ] } 
2016-05-28 18:32:56 | toTradepile::ONE MORE TRY 0 
2016-05-28 18:32:56 | toTradepile::player 104977627475 
2016-05-28 18:33:03 | toTradepile::answer { itemData: 
   [ { id: 104945608010,
       reason: 'Permission Denied',
       pile: 'trade',
       success: false,
       errorCode: 461 } ] } 
2016-05-28 18:33:03 | toTradepile::ONE MORE TRY 1 
2016-05-28 18:33:03 | toTradepile::player 104977627475 
2016-05-28 18:33:08 | toTradepile::answer { itemData: 
   [ { id: 104945608010,
       reason: 'Permission Denied',
       pile: 'trade',
       success: false,
       errorCode: 461 } ] } 
2016-05-28 18:33:08 | toTradepile::ONE MORE TRY 2 
2016-05-28 18:33:08 | toTradepile::EXIT AFTER SOME TIMES 
2016-05-28 18:33:08 | buyMin::PLAYER ALREADY BOUGHT 
2016-05-28 18:33:08 | ------------------ 
2016-05-28 18:33:08 | =============== 
2016-05-28 18:33:08 | CONDITIONS CHECK 
2016-05-28 18:33:08 | findObject.maxb 4000 ||| maxCost 100000 
2016-05-28 18:33:08 | spendMoney 7600 ||| moneyLimit 8492 
2016-05-28 18:33:08 | boughtItems 2 ||| itemsLimit 8 
2016-05-28 18:33:08 | =============== 
2016-05-28 18:33:08 | buyMin::TOO LOW SPEED, SKIP THIS PLAYER 
2016-05-28 18:33:08 | buyMin::PLAYER ALREADY BOUGHT 
2016-05-28 18:33:08 | buyMin::PLAYER ALREADY BOUGHT 
2016-05-28 18:33:08 | ------------------ 
2016-05-28 18:33:08 | =============== 
2016-05-28 18:33:08 | CONDITIONS CHECK 
2016-05-28 18:33:08 | findObject.maxb 4000 ||| maxCost 100000 
2016-05-28 18:33:08 | spendMoney 7600 ||| moneyLimit 8492 
2016-05-28 18:33:08 | boughtItems 2 ||| itemsLimit 8 
2016-05-28 18:33:08 | =============== 
2016-05-28 18:33:08 | buyMin::TOO LOW SPEED, SKIP THIS PLAYER 
2016-05-28 18:33:08 | buyMin::PLAYER ALREADY BOUGHT 
2016-05-28 18:33:08 | buyMin::PLAYER ALREADY BOUGHT 
2016-05-28 18:33:08 | ------------------ 
2016-05-28 18:33:08 | =============== 
2016-05-28 18:33:08 | CONDITIONS CHECK 
2016-05-28 18:33:08 | findObject.maxb 4000 ||| maxCost 100000 
2016-05-28 18:33:08 | spendMoney 7600 ||| moneyLimit 8492 
2016-05-28 18:33:08 | boughtItems 2 ||| itemsLimit 8 
2016-05-28 18:33:08 | =============== 
2016-05-28 18:33:13 | buyMin::PLAYERS FOUND BY ID 178421 NUMBER 33 
2016-05-28 18:33:19 | buyMin::prices for current [ 3900, 3900, 3900, 3900, 4200, 4400, 4400 ] 
2016-05-28 18:33:19 | buyMin::TOO MANY PLAYERS WITH SAME LOW PRICE 
2016-05-28 18:33:19 | buyMin::PLAYER ALREADY BOUGHT 
2016-05-28 18:33:19 | buyMin::PLAYER ALREADY BOUGHT 
2016-05-28 18:33:19 | ------------------ 
2016-05-28 18:33:19 | =============== 
2016-05-28 18:33:19 | CONDITIONS CHECK 
2016-05-28 18:33:19 | findObject.maxb 4000 ||| maxCost 100000 
2016-05-28 18:33:19 | spendMoney 7600 ||| moneyLimit 8492 
2016-05-28 18:33:19 | boughtItems 2 ||| itemsLimit 8 
2016-05-28 18:33:19 | =============== 
2016-05-28 18:33:26 | buyMin::PLAYERS FOUND BY ID 219466 NUMBER 25 
2016-05-28 18:33:30 | buyMin::prices for current [ 3900, 3900, 3900, 3900, 3900, 3900, 4000, 4400, 4600 ] 
2016-05-28 18:33:30 | buyMin::TOO MANY PLAYERS WITH SAME LOW PRICE 
2016-05-28 18:33:30 | buyMin::PLAYER ALREADY BOUGHT 
2016-05-28 18:33:30 | buyMin::PLAYER ALREADY BOUGHT 
2016-05-28 18:33:30 | ------------------ 
2016-05-28 18:33:30 | =============== 
2016-05-28 18:33:30 | CONDITIONS CHECK 
2016-05-28 18:33:30 | findObject.maxb 4000 ||| maxCost 100000 
2016-05-28 18:33:30 | spendMoney 7600 ||| moneyLimit 8492 
2016-05-28 18:33:30 | boughtItems 2 ||| itemsLimit 8 
2016-05-28 18:33:30 | =============== 
2016-05-28 18:33:30 | buyMin::TOO LOW SPEED, SKIP THIS PLAYER 
2016-05-28 18:33:30 | buyMin::PLAYER ALREADY BOUGHT 
2016-05-28 18:33:30 | buyMin::PLAYER ALREADY BOUGHT 
2016-05-28 18:33:30 | ------------------ 
2016-05-28 18:33:30 | =============== 
2016-05-28 18:33:30 | CONDITIONS CHECK 
2016-05-28 18:33:30 | findObject.maxb 4000 ||| maxCost 100000 
2016-05-28 18:33:30 | spendMoney 7600 ||| moneyLimit 8492 
2016-05-28 18:33:30 | boughtItems 2 ||| itemsLimit 8 
2016-05-28 18:33:30 | =============== 
2016-05-28 18:33:30 | buyMin::TOO LOW SPEED, SKIP THIS PLAYER 
2016-05-28 18:33:30 | buyMin::PLAYER ALREADY BOUGHT 
2016-05-28 18:33:30 | buyMin::PLAYER ALREADY BOUGHT 
2016-05-28 18:33:30 | ------------------ 
2016-05-28 18:33:30 | =============== 
2016-05-28 18:33:30 | CONDITIONS CHECK 
2016-05-28 18:33:30 | findObject.maxb 4000 ||| maxCost 100000 
2016-05-28 18:33:30 | spendMoney 7600 ||| moneyLimit 8492 
2016-05-28 18:33:30 | boughtItems 2 ||| itemsLimit 8 
2016-05-28 18:33:30 | =============== 
2016-05-28 18:33:30 | buyMin::TOO LOW SPEED, SKIP THIS PLAYER 
2016-05-28 18:33:30 | buyMin::PLAYER ALREADY BOUGHT 
2016-05-28 18:33:30 | buyMin::PLAYER ALREADY BOUGHT 
2016-05-28 18:33:30 | ------------------ 
2016-05-28 18:33:30 | =============== 
2016-05-28 18:33:30 | CONDITIONS CHECK 
2016-05-28 18:33:30 | findObject.maxb 4000 ||| maxCost 100000 
2016-05-28 18:33:30 | spendMoney 7600 ||| moneyLimit 8492 
2016-05-28 18:33:30 | boughtItems 2 ||| itemsLimit 8 
2016-05-28 18:33:30 | =============== 
2016-05-28 18:33:30 | buyMin::TOO LOW SPEED, SKIP THIS PLAYER 
2016-05-28 18:33:30 | buyMin::PLAYER ALREADY BOUGHT 
2016-05-28 18:33:30 | buyMin::PLAYER ALREADY BOUGHT 
2016-05-28 18:33:30 | ------------------ 
2016-05-28 18:33:30 | =============== 
2016-05-28 18:33:30 | CONDITIONS CHECK 
2016-05-28 18:33:30 | findObject.maxb 4000 ||| maxCost 100000 
2016-05-28 18:33:30 | spendMoney 7600 ||| moneyLimit 8492 
2016-05-28 18:33:30 | boughtItems 2 ||| itemsLimit 8 
2016-05-28 18:33:30 | =============== 
2016-05-28 18:33:30 | buyMin::TOO LOW SPEED, SKIP THIS PLAYER 
2016-05-28 18:33:30 | buyMin::PLAYER ALREADY BOUGHT 
2016-05-28 18:33:30 | buyMin::PLAYER ALREADY BOUGHT 
2016-05-28 18:33:30 | ------------------ 
2016-05-28 18:33:30 | =============== 
2016-05-28 18:33:30 | CONDITIONS CHECK 
2016-05-28 18:33:30 | findObject.maxb 4000 ||| maxCost 100000 
2016-05-28 18:33:30 | spendMoney 7600 ||| moneyLimit 8492 
2016-05-28 18:33:30 | boughtItems 2 ||| itemsLimit 8 
2016-05-28 18:33:30 | =============== 
2016-05-28 18:33:30 | buyMin::TOO LOW SPEED, SKIP THIS PLAYER 
2016-05-28 18:33:30 | buyMin::PLAYER ALREADY BOUGHT 
2016-05-28 18:33:30 | buyMin::PLAYER ALREADY BOUGHT 
2016-05-28 18:33:30 | ------------------ 
2016-05-28 18:33:30 | EACH COMPLETED 
2016-05-28 18:33:30 | handler::NEW CYCLE 
2016-05-28 18:33:31 | =============== 
2016-05-28 18:33:31 | CONDITIONS CHECK 
2016-05-28 18:33:31 | findObject.maxb 4000 ||| maxCost 100000 
2016-05-28 18:33:31 | spendMoney 7600 ||| moneyLimit 8492 
2016-05-28 18:33:31 | boughtItems 2 ||| itemsLimit 8 
2016-05-28 18:33:31 | =============== 
2016-05-28 18:33:31 | search:: { type: 'player',
  rare: 'SP',
  minb: 3400,
  maxb: 4200,
  start: 0,
  num: 20 } 
2016-05-28 18:33:38 | [ { id: 104896868962, rare: 11, rating: 64, buyNowPrice: 3900 },
  { id: 104915415759, rare: 11, rating: 64, buyNowPrice: 3900 },
  { id: 104896478158, rare: 11, rating: 64, buyNowPrice: 3900 },
  { id: 104898604444, rare: 11, rating: 64, buyNowPrice: 3900 },
  { id: 104877118818, rare: 11, rating: 64, buyNowPrice: 3900 },
  { id: 105328615319, rare: 3, rating: 64, buyNowPrice: 3900 },
  { id: 104876983113, rare: 11, rating: 64, buyNowPrice: 3900 },
  { id: 104921644924, rare: 11, rating: 64, buyNowPrice: 3900 },
  { id: 105009321989, rare: 11, rating: 64, buyNowPrice: 4100 },
  { id: 104977627475, rare: 11, rating: 64, buyNowPrice: 3900 },
  { id: 105396479587, rare: 3, rating: 64, buyNowPrice: 4200 },
  { id: 104975177240, rare: 11, rating: 64, buyNowPrice: 3900 },
  { id: 104893317513, rare: 3, rating: 64, buyNowPrice: 4100 },
  { id: 104977577271, rare: 11, rating: 64, buyNowPrice: 3900 },
  { id: 104875906296, rare: 11, rating: 64, buyNowPrice: 3900 },
  { id: 105373473796, rare: 3, rating: 64, buyNowPrice: 3900 },
  { id: 104930598713, rare: 11, rating: 64, buyNowPrice: 4000 },
  { id: 105422205995, rare: 3, rating: 64, buyNowPrice: 4200 },
  { id: 104955354487, rare: 11, rating: 64, buyNowPrice: 3900 },
  { id: 104921715206, rare: 11, rating: 64, buyNowPrice: 4000 } ] 
2016-05-28 18:33:38 | search::completed, found : 20 elements 
2016-05-28 18:33:38 | =============== 
2016-05-28 18:33:38 | CONDITIONS CHECK 
2016-05-28 18:33:38 | findObject.maxb 4200 ||| maxCost 100000 
2016-05-28 18:33:38 | spendMoney 7600 ||| moneyLimit 8492 
2016-05-28 18:33:38 | boughtItems 2 ||| itemsLimit 8 
2016-05-28 18:33:38 | =============== 
2016-05-28 18:33:38 | buyMin::TOO LOW SPEED, SKIP THIS PLAYER 
2016-05-28 18:33:38 | buyMin::PLAYER ALREADY BOUGHT 
2016-05-28 18:33:38 | buyMin::PLAYER ALREADY BOUGHT 
2016-05-28 18:33:38 | ------------------ 
2016-05-28 18:33:38 | =============== 
2016-05-28 18:33:38 | CONDITIONS CHECK 
2016-05-28 18:33:38 | findObject.maxb 4200 ||| maxCost 100000 
2016-05-28 18:33:38 | spendMoney 7600 ||| moneyLimit 8492 
2016-05-28 18:33:38 | boughtItems 2 ||| itemsLimit 8 
2016-05-28 18:33:38 | =============== 
2016-05-28 18:33:38 | buyMin::PLAYER WITH ID 4089369467 IS ALREADY BOUGHT 
2016-05-28 18:33:38 | buyMin::PLAYER ALREADY BOUGHT 
2016-05-28 18:33:38 | buyMin::PLAYER ALREADY BOUGHT 
2016-05-28 18:33:38 | ------------------ 
2016-05-28 18:33:38 | =============== 
2016-05-28 18:33:38 | CONDITIONS CHECK 
2016-05-28 18:33:38 | findObject.maxb 4200 ||| maxCost 100000 
2016-05-28 18:33:38 | spendMoney 7600 ||| moneyLimit 8492 
2016-05-28 18:33:38 | boughtItems 2 ||| itemsLimit 8 
2016-05-28 18:33:38 | =============== 
2016-05-28 18:33:42 | buyMin::PLAYERS FOUND BY ID 178421 NUMBER 33 
2016-05-28 18:33:48 | buyMin::prices for current [ 3900, 3900, 3900, 3900, 4200, 4400, 4400 ] 
2016-05-28 18:33:48 | buyMin::TOO MANY PLAYERS WITH SAME LOW PRICE 
2016-05-28 18:33:48 | buyMin::PLAYER ALREADY BOUGHT 
2016-05-28 18:33:48 | buyMin::PLAYER ALREADY BOUGHT 
2016-05-28 18:33:48 | ------------------ 
2016-05-28 18:33:48 | =============== 
2016-05-28 18:33:48 | CONDITIONS CHECK 
2016-05-28 18:33:48 | findObject.maxb 4200 ||| maxCost 100000 
2016-05-28 18:33:48 | spendMoney 7600 ||| moneyLimit 8492 
2016-05-28 18:33:48 | boughtItems 2 ||| itemsLimit 8 
2016-05-28 18:33:48 | =============== 
2016-05-28 18:33:48 | buyMin::TOO LOW SPEED, SKIP THIS PLAYER 
2016-05-28 18:33:48 | buyMin::PLAYER ALREADY BOUGHT 
2016-05-28 18:33:48 | buyMin::PLAYER ALREADY BOUGHT 
2016-05-28 18:33:48 | ------------------ 
2016-05-28 18:33:48 | =============== 
2016-05-28 18:33:48 | CONDITIONS CHECK 
2016-05-28 18:33:48 | findObject.maxb 4200 ||| maxCost 100000 
2016-05-28 18:33:48 | spendMoney 7600 ||| moneyLimit 8492 
2016-05-28 18:33:48 | boughtItems 2 ||| itemsLimit 8 
2016-05-28 18:33:48 | =============== 
2016-05-28 18:33:48 | buyMin::TOO LOW SPEED, SKIP THIS PLAYER 
2016-05-28 18:33:48 | buyMin::PLAYER ALREADY BOUGHT 
2016-05-28 18:33:48 | buyMin::PLAYER ALREADY BOUGHT 
2016-05-28 18:33:48 | ------------------ 
2016-05-28 18:33:48 | =============== 
2016-05-28 18:33:48 | CONDITIONS CHECK 
2016-05-28 18:33:48 | findObject.maxb 4200 ||| maxCost 100000 
2016-05-28 18:33:48 | spendMoney 7600 ||| moneyLimit 8492 
2016-05-28 18:33:48 | boughtItems 2 ||| itemsLimit 8 
2016-05-28 18:33:48 | =============== 
2016-05-28 18:33:48 | buyMin::TOO LOW SPEED, SKIP THIS PLAYER 
2016-05-28 18:33:48 | buyMin::PLAYER ALREADY BOUGHT 
2016-05-28 18:33:48 | buyMin::PLAYER ALREADY BOUGHT 
2016-05-28 18:33:48 | ------------------ 
2016-05-28 18:33:48 | =============== 
2016-05-28 18:33:48 | CONDITIONS CHECK 
2016-05-28 18:33:48 | findObject.maxb 4200 ||| maxCost 100000 
2016-05-28 18:33:48 | spendMoney 7600 ||| moneyLimit 8492 
2016-05-28 18:33:48 | boughtItems 2 ||| itemsLimit 8 
2016-05-28 18:33:48 | =============== 
2016-05-28 18:33:48 | buyMin::TOO LOW SPEED, SKIP THIS PLAYER 
2016-05-28 18:33:48 | buyMin::PLAYER ALREADY BOUGHT 
2016-05-28 18:33:48 | buyMin::PLAYER ALREADY BOUGHT 
2016-05-28 18:33:48 | ------------------ 
2016-05-28 18:33:48 | =============== 
2016-05-28 18:33:48 | CONDITIONS CHECK 
2016-05-28 18:33:48 | findObject.maxb 4200 ||| maxCost 100000 
2016-05-28 18:33:48 | spendMoney 7600 ||| moneyLimit 8492 
2016-05-28 18:33:48 | boughtItems 2 ||| itemsLimit 8 
2016-05-28 18:33:48 | =============== 
2016-05-28 18:33:48 | buyMin::TOO LOW SPEED, SKIP THIS PLAYER 
2016-05-28 18:33:48 | buyMin::PLAYER ALREADY BOUGHT 
2016-05-28 18:33:48 | buyMin::PLAYER ALREADY BOUGHT 
2016-05-28 18:33:48 | ------------------ 
2016-05-28 18:33:48 | =============== 
2016-05-28 18:33:48 | CONDITIONS CHECK 
2016-05-28 18:33:48 | findObject.maxb 4200 ||| maxCost 100000 
2016-05-28 18:33:48 | spendMoney 7600 ||| moneyLimit 8492 
2016-05-28 18:33:48 | boughtItems 2 ||| itemsLimit 8 
2016-05-28 18:33:48 | =============== 
2016-05-28 18:33:48 | buyMin::TOO LOW SPEED, SKIP THIS PLAYER 
2016-05-28 18:33:48 | buyMin::PLAYER ALREADY BOUGHT 
2016-05-28 18:33:48 | buyMin::PLAYER ALREADY BOUGHT 
2016-05-28 18:33:48 | ------------------ 
2016-05-28 18:33:48 | =============== 
2016-05-28 18:33:48 | CONDITIONS CHECK 
2016-05-28 18:33:48 | findObject.maxb 4200 ||| maxCost 100000 
2016-05-28 18:33:48 | spendMoney 7600 ||| moneyLimit 8492 
2016-05-28 18:33:48 | boughtItems 2 ||| itemsLimit 8 
2016-05-28 18:33:48 | =============== 
2016-05-28 18:33:48 | buyMin::PLAYER WITH ID 4089529750 IS ALREADY BOUGHT 
2016-05-28 18:33:48 | buyMin::PLAYER ALREADY BOUGHT 
2016-05-28 18:33:48 | buyMin::PLAYER ALREADY BOUGHT 
2016-05-28 18:33:48 | ------------------ 
2016-05-28 18:33:48 | =============== 
2016-05-28 18:33:48 | CONDITIONS CHECK 
2016-05-28 18:33:48 | findObject.maxb 4200 ||| maxCost 100000 
2016-05-28 18:33:48 | spendMoney 7600 ||| moneyLimit 8492 
2016-05-28 18:33:48 | boughtItems 2 ||| itemsLimit 8 
2016-05-28 18:33:48 | =============== 
2016-05-28 18:33:48 | buyMin::TOO LOW SPEED, SKIP THIS PLAYER 
2016-05-28 18:33:48 | buyMin::PLAYER ALREADY BOUGHT 
2016-05-28 18:33:48 | buyMin::PLAYER ALREADY BOUGHT 
2016-05-28 18:33:48 | ------------------ 
2016-05-28 18:33:48 | =============== 
2016-05-28 18:33:48 | CONDITIONS CHECK 
2016-05-28 18:33:48 | findObject.maxb 4200 ||| maxCost 100000 
2016-05-28 18:33:48 | spendMoney 7600 ||| moneyLimit 8492 
2016-05-28 18:33:48 | boughtItems 2 ||| itemsLimit 8 
2016-05-28 18:33:48 | =============== 
2016-05-28 18:33:48 | buyMin::TOO LOW SPEED, SKIP THIS PLAYER 
2016-05-28 18:33:48 | buyMin::PLAYER ALREADY BOUGHT 
2016-05-28 18:33:48 | buyMin::PLAYER ALREADY BOUGHT 
2016-05-28 18:33:48 | ------------------ 
2016-05-28 18:33:48 | =============== 
2016-05-28 18:33:48 | CONDITIONS CHECK 
2016-05-28 18:33:48 | findObject.maxb 4200 ||| maxCost 100000 
2016-05-28 18:33:48 | spendMoney 7600 ||| moneyLimit 8492 
2016-05-28 18:33:48 | boughtItems 2 ||| itemsLimit 8 
2016-05-28 18:33:48 | =============== 
2016-05-28 18:33:48 | buyMin::TOO LOW SPEED, SKIP THIS PLAYER 
2016-05-28 18:33:48 | buyMin::PLAYER ALREADY BOUGHT 
2016-05-28 18:33:48 | buyMin::PLAYER ALREADY BOUGHT 
2016-05-28 18:33:48 | ------------------ 
2016-05-28 18:33:48 | =============== 
2016-05-28 18:33:48 | CONDITIONS CHECK 
2016-05-28 18:33:48 | findObject.maxb 4200 ||| maxCost 100000 
2016-05-28 18:33:48 | spendMoney 7600 ||| moneyLimit 8492 
2016-05-28 18:33:48 | boughtItems 2 ||| itemsLimit 8 
2016-05-28 18:33:48 | =============== 
2016-05-28 18:33:48 | buyMin::PLAYER WITH ID 4089641751 IS ALREADY BOUGHT 
2016-05-28 18:33:48 | buyMin::PLAYER ALREADY BOUGHT 
2016-05-28 18:33:48 | buyMin::PLAYER ALREADY BOUGHT 
2016-05-28 18:33:48 | ------------------ 
2016-05-28 18:33:48 | =============== 
2016-05-28 18:33:48 | CONDITIONS CHECK 
2016-05-28 18:33:48 | findObject.maxb 4200 ||| maxCost 100000 
2016-05-28 18:33:48 | spendMoney 7600 ||| moneyLimit 8492 
2016-05-28 18:33:48 | boughtItems 2 ||| itemsLimit 8 
2016-05-28 18:33:48 | =============== 
2016-05-28 18:33:48 | buyMin::PLAYER WITH ID 4089650485 IS ALREADY BOUGHT 
2016-05-28 18:33:48 | buyMin::PLAYER ALREADY BOUGHT 
2016-05-28 18:33:48 | buyMin::PLAYER ALREADY BOUGHT 
2016-05-28 18:33:48 | ------------------ 
2016-05-28 18:33:48 | =============== 
2016-05-28 18:33:48 | CONDITIONS CHECK 
2016-05-28 18:33:48 | findObject.maxb 4200 ||| maxCost 100000 
2016-05-28 18:33:48 | spendMoney 7600 ||| moneyLimit 8492 
2016-05-28 18:33:48 | boughtItems 2 ||| itemsLimit 8 
2016-05-28 18:33:48 | =============== 
2016-05-28 18:33:48 | buyMin::TOO LOW SPEED, SKIP THIS PLAYER 
2016-05-28 18:33:48 | buyMin::PLAYER ALREADY BOUGHT 
2016-05-28 18:33:48 | buyMin::PLAYER ALREADY BOUGHT 
2016-05-28 18:33:48 | ------------------ 
2016-05-28 18:33:48 | =============== 
2016-05-28 18:33:48 | CONDITIONS CHECK 
2016-05-28 18:33:48 | findObject.maxb 4200 ||| maxCost 100000 
2016-05-28 18:33:48 | spendMoney 7600 ||| moneyLimit 8492 
2016-05-28 18:33:48 | boughtItems 2 ||| itemsLimit 8 
2016-05-28 18:33:48 | =============== 
2016-05-28 18:33:48 | buyMin::TOO LOW SPEED, SKIP THIS PLAYER 
2016-05-28 18:33:48 | buyMin::PLAYER ALREADY BOUGHT 
2016-05-28 18:33:48 | buyMin::PLAYER ALREADY BOUGHT 
2016-05-28 18:33:48 | ------------------ 
2016-05-28 18:33:48 | =============== 
2016-05-28 18:33:48 | CONDITIONS CHECK 
2016-05-28 18:33:48 | findObject.maxb 4200 ||| maxCost 100000 
2016-05-28 18:33:48 | spendMoney 7600 ||| moneyLimit 8492 
2016-05-28 18:33:48 | boughtItems 2 ||| itemsLimit 8 
2016-05-28 18:33:48 | =============== 
2016-05-28 18:33:48 | buyMin::TOO LOW SPEED, SKIP THIS PLAYER 
2016-05-28 18:33:48 | buyMin::PLAYER ALREADY BOUGHT 
2016-05-28 18:33:48 | buyMin::PLAYER ALREADY BOUGHT 
2016-05-28 18:33:48 | ------------------ 
2016-05-28 18:33:48 | =============== 
2016-05-28 18:33:48 | CONDITIONS CHECK 
2016-05-28 18:33:48 | findObject.maxb 4200 ||| maxCost 100000 
2016-05-28 18:33:48 | spendMoney 7600 ||| moneyLimit 8492 
2016-05-28 18:33:48 | boughtItems 2 ||| itemsLimit 8 
2016-05-28 18:33:48 | =============== 
2016-05-28 18:33:48 | buyMin::TOO LOW SPEED, SKIP THIS PLAYER 
2016-05-28 18:33:48 | buyMin::PLAYER ALREADY BOUGHT 
2016-05-28 18:33:48 | buyMin::PLAYER ALREADY BOUGHT 
2016-05-28 18:33:48 | ------------------ 
2016-05-28 18:33:48 | =============== 
2016-05-28 18:33:48 | CONDITIONS CHECK 
2016-05-28 18:33:48 | findObject.maxb 4200 ||| maxCost 100000 
2016-05-28 18:33:48 | spendMoney 7600 ||| moneyLimit 8492 
2016-05-28 18:33:48 | boughtItems 2 ||| itemsLimit 8 
2016-05-28 18:33:48 | =============== 
2016-05-28 18:33:53 | buyMin::PLAYERS FOUND BY ID 202663 NUMBER 18 
2016-05-28 18:33:57 | buyMin::prices for current [ 4000, 4000, 4000, 4000, 4500 ] 
2016-05-28 18:33:57 | buyMin::TOO MANY PLAYERS WITH SAME LOW PRICE 
2016-05-28 18:33:57 | buyMin::PLAYER ALREADY BOUGHT 
2016-05-28 18:33:57 | buyMin::PLAYER ALREADY BOUGHT 
2016-05-28 18:33:57 | ------------------ 
2016-05-28 18:33:57 | EACH COMPLETED 
2016-05-28 18:33:57 | handler::NEW CYCLE 
2016-05-28 18:33:58 | =============== 
2016-05-28 18:33:58 | CONDITIONS CHECK 
2016-05-28 18:33:58 | findObject.maxb 4200 ||| maxCost 100000 
2016-05-28 18:33:58 | spendMoney 7600 ||| moneyLimit 8492 
2016-05-28 18:33:58 | boughtItems 2 ||| itemsLimit 8 
2016-05-28 18:33:58 | =============== 
2016-05-28 18:33:58 | search:: { type: 'player',
  rare: 'SP',
  minb: 3600,
  maxb: 4400,
  start: 0,
  num: 20 } 
2016-05-28 18:34:05 | [ { id: 104896868962, rare: 11, rating: 64, buyNowPrice: 3900 },
  { id: 104915415759, rare: 11, rating: 64, buyNowPrice: 3900 },
  { id: 104919779781, rare: 3, rating: 64, buyNowPrice: 4300 },
  { id: 104896478158, rare: 11, rating: 64, buyNowPrice: 3900 },
  { id: 104877118818, rare: 11, rating: 64, buyNowPrice: 3900 },
  { id: 105328615319, rare: 3, rating: 64, buyNowPrice: 3900 },
  { id: 104876983113, rare: 11, rating: 64, buyNowPrice: 3900 },
  { id: 104921644924, rare: 11, rating: 64, buyNowPrice: 3900 },
  { id: 104977627475, rare: 11, rating: 64, buyNowPrice: 3900 },
  { id: 105396479587, rare: 3, rating: 64, buyNowPrice: 4200 },
  { id: 104975177240, rare: 11, rating: 64, buyNowPrice: 3900 },
  { id: 104893317513, rare: 3, rating: 64, buyNowPrice: 4100 },
  { id: 104977577271, rare: 11, rating: 64, buyNowPrice: 3900 },
  { id: 104974651034, rare: 3, rating: 64, buyNowPrice: 4300 },
  { id: 104875906296, rare: 11, rating: 64, buyNowPrice: 3900 },
  { id: 105373473796, rare: 3, rating: 64, buyNowPrice: 3900 },
  { id: 105422205995, rare: 3, rating: 64, buyNowPrice: 4200 },
  { id: 104861492531, rare: 3, rating: 64, buyNowPrice: 4400 },
  { id: 104955354487, rare: 11, rating: 64, buyNowPrice: 3900 },
  { id: 104921715206, rare: 11, rating: 64, buyNowPrice: 4000 } ] 
2016-05-28 18:34:05 | search::completed, found : 20 elements 
2016-05-28 18:34:05 | =============== 
2016-05-28 18:34:05 | CONDITIONS CHECK 
2016-05-28 18:34:05 | findObject.maxb 4400 ||| maxCost 100000 
2016-05-28 18:34:05 | spendMoney 7600 ||| moneyLimit 8492 
2016-05-28 18:34:05 | boughtItems 2 ||| itemsLimit 8 
2016-05-28 18:34:05 | =============== 
2016-05-28 18:34:05 | buyMin::TOO LOW SPEED, SKIP THIS PLAYER 
2016-05-28 18:34:05 | buyMin::PLAYER ALREADY BOUGHT 
2016-05-28 18:34:05 | buyMin::PLAYER ALREADY BOUGHT 
2016-05-28 18:34:05 | ------------------ 
2016-05-28 18:34:05 | =============== 
2016-05-28 18:34:05 | CONDITIONS CHECK 
2016-05-28 18:34:05 | findObject.maxb 4400 ||| maxCost 100000 
2016-05-28 18:34:05 | spendMoney 7600 ||| moneyLimit 8492 
2016-05-28 18:34:05 | boughtItems 2 ||| itemsLimit 8 
2016-05-28 18:34:05 | =============== 
2016-05-28 18:34:05 | buyMin::PLAYER WITH ID 4089369467 IS ALREADY BOUGHT 
2016-05-28 18:34:05 | buyMin::PLAYER ALREADY BOUGHT 
2016-05-28 18:34:05 | buyMin::PLAYER ALREADY BOUGHT 
2016-05-28 18:34:05 | ------------------ 
2016-05-28 18:34:05 | =============== 
2016-05-28 18:34:05 | CONDITIONS CHECK 
2016-05-28 18:34:05 | findObject.maxb 4400 ||| maxCost 100000 
2016-05-28 18:34:05 | spendMoney 7600 ||| moneyLimit 8492 
2016-05-28 18:34:05 | boughtItems 2 ||| itemsLimit 8 
2016-05-28 18:34:05 | =============== 
2016-05-28 18:34:09 | buyMin::PLAYERS FOUND BY ID 190425 NUMBER 24 
2016-05-28 18:34:13 | buyMin::prices for current [ 4300,
  4300,
  4300,
  4400,
  4400,
  4600,
  4800,
  4800,
  4800,
  4900,
  4900,
  4900,
  4900,
  4900,
  4900,
  4900,
  4900,
  4900 ] 
2016-05-28 18:34:13 | buyMin::TOO MANY PLAYERS WITH SAME LOW PRICE 
2016-05-28 18:34:13 | buyMin::PLAYER ALREADY BOUGHT 
2016-05-28 18:34:13 | buyMin::PLAYER ALREADY BOUGHT 
2016-05-28 18:34:13 | ------------------ 
2016-05-28 18:34:13 | =============== 
2016-05-28 18:34:13 | CONDITIONS CHECK 
2016-05-28 18:34:13 | findObject.maxb 4400 ||| maxCost 100000 
2016-05-28 18:34:13 | spendMoney 7600 ||| moneyLimit 8492 
2016-05-28 18:34:13 | boughtItems 2 ||| itemsLimit 8 
2016-05-28 18:34:13 | =============== 
2016-05-28 18:34:13 | buyMin::PLAYER WITH ID 4089413389 IS ALREADY BOUGHT 
2016-05-28 18:34:13 | buyMin::PLAYER ALREADY BOUGHT 
2016-05-28 18:34:13 | buyMin::PLAYER ALREADY BOUGHT 
2016-05-28 18:34:13 | ------------------ 
2016-05-28 18:34:13 | =============== 
2016-05-28 18:34:13 | CONDITIONS CHECK 
2016-05-28 18:34:13 | findObject.maxb 4400 ||| maxCost 100000 
2016-05-28 18:34:13 | spendMoney 7600 ||| moneyLimit 8492 
2016-05-28 18:34:13 | boughtItems 2 ||| itemsLimit 8 
2016-05-28 18:34:13 | =============== 
2016-05-28 18:34:13 | buyMin::TOO LOW SPEED, SKIP THIS PLAYER 
2016-05-28 18:34:13 | buyMin::PLAYER ALREADY BOUGHT 
2016-05-28 18:34:13 | buyMin::PLAYER ALREADY BOUGHT 
2016-05-28 18:34:13 | ------------------ 
2016-05-28 18:34:13 | =============== 
2016-05-28 18:34:13 | CONDITIONS CHECK 
2016-05-28 18:34:13 | findObject.maxb 4400 ||| maxCost 100000 
2016-05-28 18:34:13 | spendMoney 7600 ||| moneyLimit 8492 
2016-05-28 18:34:13 | boughtItems 2 ||| itemsLimit 8 
2016-05-28 18:34:13 | =============== 
2016-05-28 18:34:13 | buyMin::TOO LOW SPEED, SKIP THIS PLAYER 
2016-05-28 18:34:13 | buyMin::PLAYER ALREADY BOUGHT 
2016-05-28 18:34:13 | buyMin::PLAYER ALREADY BOUGHT 
2016-05-28 18:34:13 | ------------------ 
2016-05-28 18:34:13 | =============== 
2016-05-28 18:34:13 | CONDITIONS CHECK 
2016-05-28 18:34:13 | findObject.maxb 4400 ||| maxCost 100000 
2016-05-28 18:34:13 | spendMoney 7600 ||| moneyLimit 8492 
2016-05-28 18:34:13 | boughtItems 2 ||| itemsLimit 8 
2016-05-28 18:34:13 | =============== 
2016-05-28 18:34:13 | buyMin::TOO LOW SPEED, SKIP THIS PLAYER 
2016-05-28 18:34:13 | buyMin::PLAYER ALREADY BOUGHT 
2016-05-28 18:34:13 | buyMin::PLAYER ALREADY BOUGHT 
2016-05-28 18:34:13 | ------------------ 
2016-05-28 18:34:13 | =============== 
2016-05-28 18:34:13 | CONDITIONS CHECK 
2016-05-28 18:34:13 | findObject.maxb 4400 ||| maxCost 100000 
2016-05-28 18:34:13 | spendMoney 7600 ||| moneyLimit 8492 
2016-05-28 18:34:13 | boughtItems 2 ||| itemsLimit 8 
2016-05-28 18:34:13 | =============== 
2016-05-28 18:34:13 | buyMin::TOO LOW SPEED, SKIP THIS PLAYER 
2016-05-28 18:34:13 | buyMin::PLAYER ALREADY BOUGHT 
2016-05-28 18:34:13 | buyMin::PLAYER ALREADY BOUGHT 
2016-05-28 18:34:13 | ------------------ 
2016-05-28 18:34:13 | =============== 
2016-05-28 18:34:13 | CONDITIONS CHECK 
2016-05-28 18:34:13 | findObject.maxb 4400 ||| maxCost 100000 
2016-05-28 18:34:13 | spendMoney 7600 ||| moneyLimit 8492 
2016-05-28 18:34:13 | boughtItems 2 ||| itemsLimit 8 
2016-05-28 18:34:13 | =============== 
2016-05-28 18:34:13 | buyMin::PLAYER WITH ID 4089529750 IS ALREADY BOUGHT 
2016-05-28 18:34:13 | buyMin::PLAYER ALREADY BOUGHT 
2016-05-28 18:34:13 | buyMin::PLAYER ALREADY BOUGHT 
2016-05-28 18:34:13 | ------------------ 
2016-05-28 18:34:13 | =============== 
2016-05-28 18:34:13 | CONDITIONS CHECK 
2016-05-28 18:34:13 | findObject.maxb 4400 ||| maxCost 100000 
2016-05-28 18:34:13 | spendMoney 7600 ||| moneyLimit 8492 
2016-05-28 18:34:13 | boughtItems 2 ||| itemsLimit 8 
2016-05-28 18:34:13 | =============== 
2016-05-28 18:34:13 | buyMin::TOO LOW SPEED, SKIP THIS PLAYER 
2016-05-28 18:34:13 | buyMin::PLAYER ALREADY BOUGHT 
2016-05-28 18:34:13 | buyMin::PLAYER ALREADY BOUGHT 
2016-05-28 18:34:13 | ------------------ 
2016-05-28 18:34:13 | =============== 
2016-05-28 18:34:13 | CONDITIONS CHECK 
2016-05-28 18:34:13 | findObject.maxb 4400 ||| maxCost 100000 
2016-05-28 18:34:13 | spendMoney 7600 ||| moneyLimit 8492 
2016-05-28 18:34:13 | boughtItems 2 ||| itemsLimit 8 
2016-05-28 18:34:13 | =============== 
2016-05-28 18:34:13 | buyMin::TOO LOW SPEED, SKIP THIS PLAYER 
2016-05-28 18:34:13 | buyMin::PLAYER ALREADY BOUGHT 
2016-05-28 18:34:13 | buyMin::PLAYER ALREADY BOUGHT 
2016-05-28 18:34:13 | ------------------ 
2016-05-28 18:34:13 | =============== 
2016-05-28 18:34:13 | CONDITIONS CHECK 
2016-05-28 18:34:13 | findObject.maxb 4400 ||| maxCost 100000 
2016-05-28 18:34:13 | spendMoney 7600 ||| moneyLimit 8492 
2016-05-28 18:34:13 | boughtItems 2 ||| itemsLimit 8 
2016-05-28 18:34:13 | =============== 
2016-05-28 18:34:13 | buyMin::TOO LOW SPEED, SKIP THIS PLAYER 
2016-05-28 18:34:13 | buyMin::PLAYER ALREADY BOUGHT 
2016-05-28 18:34:13 | buyMin::PLAYER ALREADY BOUGHT 
2016-05-28 18:34:13 | ------------------ 
2016-05-28 18:34:13 | =============== 
2016-05-28 18:34:13 | CONDITIONS CHECK 
2016-05-28 18:34:13 | findObject.maxb 4400 ||| maxCost 100000 
2016-05-28 18:34:13 | spendMoney 7600 ||| moneyLimit 8492 
2016-05-28 18:34:13 | boughtItems 2 ||| itemsLimit 8 
2016-05-28 18:34:13 | =============== 
2016-05-28 18:34:13 | buyMin::PLAYER WITH ID 4089641751 IS ALREADY BOUGHT 
2016-05-28 18:34:13 | buyMin::PLAYER ALREADY BOUGHT 
2016-05-28 18:34:13 | buyMin::PLAYER ALREADY BOUGHT 
2016-05-28 18:34:13 | ------------------ 
2016-05-28 18:34:13 | =============== 
2016-05-28 18:34:13 | CONDITIONS CHECK 
2016-05-28 18:34:13 | findObject.maxb 4400 ||| maxCost 100000 
2016-05-28 18:34:13 | spendMoney 7600 ||| moneyLimit 8492 
2016-05-28 18:34:13 | boughtItems 2 ||| itemsLimit 8 
2016-05-28 18:34:13 | =============== 
2016-05-28 18:34:19 | buyMin::PLAYERS FOUND BY ID 190425 NUMBER 24 
2016-05-28 18:34:25 | buyMin::prices for current [ 4300,
  4300,
  4300,
  4400,
  4400,
  4600,
  4800,
  4800,
  4800,
  4900,
  4900,
  4900,
  4900,
  4900,
  4900,
  4900,
  4900,
  4900 ] 
2016-05-28 18:34:25 | buyMin::TOO MANY PLAYERS WITH SAME LOW PRICE 
2016-05-28 18:34:25 | buyMin::PLAYER ALREADY BOUGHT 
2016-05-28 18:34:25 | buyMin::PLAYER ALREADY BOUGHT 
2016-05-28 18:34:25 | ------------------ 
2016-05-28 18:34:25 | =============== 
2016-05-28 18:34:25 | CONDITIONS CHECK 
2016-05-28 18:34:25 | findObject.maxb 4400 ||| maxCost 100000 
2016-05-28 18:34:25 | spendMoney 7600 ||| moneyLimit 8492 
2016-05-28 18:34:25 | boughtItems 2 ||| itemsLimit 8 
2016-05-28 18:34:25 | =============== 
2016-05-28 18:34:25 | buyMin::PLAYER WITH ID 4089650485 IS ALREADY BOUGHT 
2016-05-28 18:34:25 | buyMin::PLAYER ALREADY BOUGHT 
2016-05-28 18:34:25 | buyMin::PLAYER ALREADY BOUGHT 
2016-05-28 18:34:25 | ------------------ 
2016-05-28 18:34:25 | =============== 
2016-05-28 18:34:25 | CONDITIONS CHECK 
2016-05-28 18:34:25 | findObject.maxb 4400 ||| maxCost 100000 
2016-05-28 18:34:25 | spendMoney 7600 ||| moneyLimit 8492 
2016-05-28 18:34:25 | boughtItems 2 ||| itemsLimit 8 
2016-05-28 18:34:25 | =============== 
2016-05-28 18:34:25 | buyMin::TOO LOW SPEED, SKIP THIS PLAYER 
2016-05-28 18:34:25 | buyMin::PLAYER ALREADY BOUGHT 
2016-05-28 18:34:25 | buyMin::PLAYER ALREADY BOUGHT 
2016-05-28 18:34:25 | ------------------ 
2016-05-28 18:34:25 | =============== 
2016-05-28 18:34:25 | CONDITIONS CHECK 
2016-05-28 18:34:25 | findObject.maxb 4400 ||| maxCost 100000 
2016-05-28 18:34:25 | spendMoney 7600 ||| moneyLimit 8492 
2016-05-28 18:34:25 | boughtItems 2 ||| itemsLimit 8 
2016-05-28 18:34:25 | =============== 
2016-05-28 18:34:25 | buyMin::TOO LOW SPEED, SKIP THIS PLAYER 
2016-05-28 18:34:25 | buyMin::PLAYER ALREADY BOUGHT 
2016-05-28 18:34:25 | buyMin::PLAYER ALREADY BOUGHT 
2016-05-28 18:34:25 | ------------------ 
2016-05-28 18:34:25 | =============== 
2016-05-28 18:34:25 | CONDITIONS CHECK 
2016-05-28 18:34:25 | findObject.maxb 4400 ||| maxCost 100000 
2016-05-28 18:34:25 | spendMoney 7600 ||| moneyLimit 8492 
2016-05-28 18:34:25 | boughtItems 2 ||| itemsLimit 8 
2016-05-28 18:34:25 | =============== 
2016-05-28 18:34:32 | buyMin::PLAYERS FOUND BY ID 190425 NUMBER 24 
2016-05-28 18:34:36 | buyMin::prices for current [ 4300,
  4300,
  4300,
  4400,
  4400,
  4600,
  4800,
  4800,
  4800,
  4900,
  4900,
  4900,
  4900,
  4900,
  4900,
  4900,
  4900,
  4900 ] 
2016-05-28 18:34:36 | buyMin::TOO MANY PLAYERS WITH SAME LOW PRICE 
2016-05-28 18:34:36 | buyMin::PLAYER ALREADY BOUGHT 
2016-05-28 18:34:36 | buyMin::PLAYER ALREADY BOUGHT 
2016-05-28 18:34:36 | ------------------ 
2016-05-28 18:34:36 | =============== 
2016-05-28 18:34:36 | CONDITIONS CHECK 
2016-05-28 18:34:36 | findObject.maxb 4400 ||| maxCost 100000 
2016-05-28 18:34:36 | spendMoney 7600 ||| moneyLimit 8492 
2016-05-28 18:34:36 | boughtItems 2 ||| itemsLimit 8 
2016-05-28 18:34:36 | =============== 
2016-05-28 18:34:36 | buyMin::TOO LOW SPEED, SKIP THIS PLAYER 
2016-05-28 18:34:36 | buyMin::PLAYER ALREADY BOUGHT 
2016-05-28 18:34:36 | buyMin::PLAYER ALREADY BOUGHT 
2016-05-28 18:34:36 | ------------------ 
2016-05-28 18:34:36 | =============== 
2016-05-28 18:34:36 | CONDITIONS CHECK 
2016-05-28 18:34:36 | findObject.maxb 4400 ||| maxCost 100000 
2016-05-28 18:34:36 | spendMoney 7600 ||| moneyLimit 8492 
2016-05-28 18:34:36 | boughtItems 2 ||| itemsLimit 8 
2016-05-28 18:34:36 | =============== 
2016-05-28 18:34:36 | buyMin::PLAYER WITH ID 4089730935 IS ALREADY BOUGHT 
2016-05-28 18:34:36 | buyMin::PLAYER ALREADY BOUGHT 
2016-05-28 18:34:36 | buyMin::PLAYER ALREADY BOUGHT 
2016-05-28 18:34:36 | ------------------ 
2016-05-28 18:34:36 | EACH COMPLETED 
2016-05-28 18:34:36 | handler::NEW CYCLE 
2016-05-28 18:34:37 | =============== 
2016-05-28 18:34:37 | CONDITIONS CHECK 
2016-05-28 18:34:37 | findObject.maxb 4400 ||| maxCost 100000 
2016-05-28 18:34:37 | spendMoney 7600 ||| moneyLimit 8492 
2016-05-28 18:34:37 | boughtItems 2 ||| itemsLimit 8 
2016-05-28 18:34:37 | =============== 
2016-05-28 18:34:37 | search:: { type: 'player',
  rare: 'SP',
  minb: 3800,
  maxb: 4600,
  start: 0,
  num: 20 } 
2016-05-28 18:34:44 | [ { id: 104915415759, rare: 11, rating: 64, buyNowPrice: 3900 },
  { id: 104919779781, rare: 3, rating: 64, buyNowPrice: 4300 },
  { id: 104896478158, rare: 11, rating: 64, buyNowPrice: 3900 },
  { id: 104877118818, rare: 11, rating: 64, buyNowPrice: 3900 },
  { id: 105328615319, rare: 3, rating: 64, buyNowPrice: 3900 },
  { id: 104876983113, rare: 11, rating: 64, buyNowPrice: 3900 },
  { id: 104921644924, rare: 11, rating: 64, buyNowPrice: 3900 },
  { id: 104977627475, rare: 11, rating: 64, buyNowPrice: 3900 },
  { id: 105396479587, rare: 3, rating: 64, buyNowPrice: 4200 },
  { id: 104975177240, rare: 11, rating: 64, buyNowPrice: 3900 },
  { id: 104893317513, rare: 3, rating: 64, buyNowPrice: 4100 },
  { id: 104880143831, rare: 3, rating: 64, buyNowPrice: 4500 },
  { id: 104977577271, rare: 11, rating: 64, buyNowPrice: 3900 },
  { id: 104974651034, rare: 3, rating: 64, buyNowPrice: 4300 },
  { id: 104875906296, rare: 11, rating: 64, buyNowPrice: 3900 },
  { id: 105373473796, rare: 3, rating: 64, buyNowPrice: 3900 },
  { id: 105422205995, rare: 3, rating: 64, buyNowPrice: 4200 },
  { id: 104861492531, rare: 3, rating: 64, buyNowPrice: 4400 },
  { id: 104955354487, rare: 11, rating: 64, buyNowPrice: 3900 },
  { id: 104921715206, rare: 11, rating: 64, buyNowPrice: 4000 } ] 
2016-05-28 18:34:44 | search::completed, found : 20 elements 
2016-05-28 18:34:44 | =============== 
2016-05-28 18:34:44 | CONDITIONS CHECK 
2016-05-28 18:34:44 | findObject.maxb 4600 ||| maxCost 100000 
2016-05-28 18:34:44 | spendMoney 7600 ||| moneyLimit 8492 
2016-05-28 18:34:44 | boughtItems 2 ||| itemsLimit 8 
2016-05-28 18:34:44 | =============== 
2016-05-28 18:34:44 | buyMin::PLAYER WITH ID 4089369467 IS ALREADY BOUGHT 
2016-05-28 18:34:44 | buyMin::PLAYER ALREADY BOUGHT 
2016-05-28 18:34:44 | buyMin::PLAYER ALREADY BOUGHT 
2016-05-28 18:34:44 | ------------------ 
2016-05-28 18:34:44 | =============== 
2016-05-28 18:34:44 | CONDITIONS CHECK 
2016-05-28 18:34:44 | findObject.maxb 4600 ||| maxCost 100000 
2016-05-28 18:34:44 | spendMoney 7600 ||| moneyLimit 8492 
2016-05-28 18:34:44 | boughtItems 2 ||| itemsLimit 8 
2016-05-28 18:34:44 | =============== 
2016-05-28 18:34:44 | buyMin::PLAYER WITH ID 4089374753 IS ALREADY BOUGHT 
2016-05-28 18:34:44 | buyMin::PLAYER ALREADY BOUGHT 
2016-05-28 18:34:44 | buyMin::PLAYER ALREADY BOUGHT 
2016-05-28 18:34:44 | ------------------ 
2016-05-28 18:34:44 | =============== 
2016-05-28 18:34:44 | CONDITIONS CHECK 
2016-05-28 18:34:44 | findObject.maxb 4600 ||| maxCost 100000 
2016-05-28 18:34:44 | spendMoney 7600 ||| moneyLimit 8492 
2016-05-28 18:34:44 | boughtItems 2 ||| itemsLimit 8 
2016-05-28 18:34:44 | =============== 
2016-05-28 18:34:44 | buyMin::PLAYER WITH ID 4089413389 IS ALREADY BOUGHT 
2016-05-28 18:34:44 | buyMin::PLAYER ALREADY BOUGHT 
2016-05-28 18:34:44 | buyMin::PLAYER ALREADY BOUGHT 
2016-05-28 18:34:44 | ------------------ 
2016-05-28 18:34:44 | =============== 
2016-05-28 18:34:44 | CONDITIONS CHECK 
2016-05-28 18:34:44 | findObject.maxb 4600 ||| maxCost 100000 
2016-05-28 18:34:44 | spendMoney 7600 ||| moneyLimit 8492 
2016-05-28 18:34:44 | boughtItems 2 ||| itemsLimit 8 
2016-05-28 18:34:44 | =============== 
2016-05-28 18:34:44 | buyMin::TOO LOW SPEED, SKIP THIS PLAYER 
2016-05-28 18:34:44 | buyMin::PLAYER ALREADY BOUGHT 
2016-05-28 18:34:44 | buyMin::PLAYER ALREADY BOUGHT 
2016-05-28 18:34:44 | ------------------ 
2016-05-28 18:34:44 | =============== 
2016-05-28 18:34:44 | CONDITIONS CHECK 
2016-05-28 18:34:44 | findObject.maxb 4600 ||| maxCost 100000 
2016-05-28 18:34:44 | spendMoney 7600 ||| moneyLimit 8492 
2016-05-28 18:34:44 | boughtItems 2 ||| itemsLimit 8 
2016-05-28 18:34:44 | =============== 
2016-05-28 18:34:44 | buyMin::TOO LOW SPEED, SKIP THIS PLAYER 
2016-05-28 18:34:44 | buyMin::PLAYER ALREADY BOUGHT 
2016-05-28 18:34:44 | buyMin::PLAYER ALREADY BOUGHT 
2016-05-28 18:34:44 | ------------------ 
2016-05-28 18:34:44 | =============== 
2016-05-28 18:34:44 | CONDITIONS CHECK 
2016-05-28 18:34:44 | findObject.maxb 4600 ||| maxCost 100000 
2016-05-28 18:34:44 | spendMoney 7600 ||| moneyLimit 8492 
2016-05-28 18:34:44 | boughtItems 2 ||| itemsLimit 8 
2016-05-28 18:34:44 | =============== 
2016-05-28 18:34:44 | buyMin::TOO LOW SPEED, SKIP THIS PLAYER 
2016-05-28 18:34:44 | buyMin::PLAYER ALREADY BOUGHT 
2016-05-28 18:34:44 | buyMin::PLAYER ALREADY BOUGHT 
2016-05-28 18:34:44 | ------------------ 
2016-05-28 18:34:44 | =============== 
2016-05-28 18:34:44 | CONDITIONS CHECK 
2016-05-28 18:34:44 | findObject.maxb 4600 ||| maxCost 100000 
2016-05-28 18:34:44 | spendMoney 7600 ||| moneyLimit 8492 
2016-05-28 18:34:44 | boughtItems 2 ||| itemsLimit 8 
2016-05-28 18:34:44 | =============== 
2016-05-28 18:34:44 | buyMin::TOO LOW SPEED, SKIP THIS PLAYER 
2016-05-28 18:34:44 | buyMin::PLAYER ALREADY BOUGHT 
2016-05-28 18:34:44 | buyMin::PLAYER ALREADY BOUGHT 
2016-05-28 18:34:44 | ------------------ 
2016-05-28 18:34:44 | =============== 
2016-05-28 18:34:44 | CONDITIONS CHECK 
2016-05-28 18:34:44 | findObject.maxb 4600 ||| maxCost 100000 
2016-05-28 18:34:44 | spendMoney 7600 ||| moneyLimit 8492 
2016-05-28 18:34:44 | boughtItems 2 ||| itemsLimit 8 
2016-05-28 18:34:44 | =============== 
2016-05-28 18:34:44 | buyMin::PLAYER WITH ID 4089529750 IS ALREADY BOUGHT 
2016-05-28 18:34:44 | buyMin::PLAYER ALREADY BOUGHT 
2016-05-28 18:34:44 | buyMin::PLAYER ALREADY BOUGHT 
2016-05-28 18:34:44 | ------------------ 
2016-05-28 18:34:44 | =============== 
2016-05-28 18:34:44 | CONDITIONS CHECK 
2016-05-28 18:34:44 | findObject.maxb 4600 ||| maxCost 100000 
2016-05-28 18:34:44 | spendMoney 7600 ||| moneyLimit 8492 
2016-05-28 18:34:44 | boughtItems 2 ||| itemsLimit 8 
2016-05-28 18:34:44 | =============== 
2016-05-28 18:34:44 | buyMin::TOO LOW SPEED, SKIP THIS PLAYER 
2016-05-28 18:34:44 | buyMin::PLAYER ALREADY BOUGHT 
2016-05-28 18:34:44 | buyMin::PLAYER ALREADY BOUGHT 
2016-05-28 18:34:44 | ------------------ 
2016-05-28 18:34:44 | =============== 
2016-05-28 18:34:44 | CONDITIONS CHECK 
2016-05-28 18:34:44 | findObject.maxb 4600 ||| maxCost 100000 
2016-05-28 18:34:44 | spendMoney 7600 ||| moneyLimit 8492 
2016-05-28 18:34:44 | boughtItems 2 ||| itemsLimit 8 
2016-05-28 18:34:44 | =============== 
2016-05-28 18:34:44 | buyMin::TOO LOW SPEED, SKIP THIS PLAYER 
2016-05-28 18:34:44 | buyMin::PLAYER ALREADY BOUGHT 
2016-05-28 18:34:44 | buyMin::PLAYER ALREADY BOUGHT 
2016-05-28 18:34:44 | ------------------ 
2016-05-28 18:34:44 | =============== 
2016-05-28 18:34:44 | CONDITIONS CHECK 
2016-05-28 18:34:44 | findObject.maxb 4600 ||| maxCost 100000 
2016-05-28 18:34:44 | spendMoney 7600 ||| moneyLimit 8492 
2016-05-28 18:34:44 | boughtItems 2 ||| itemsLimit 8 
2016-05-28 18:34:44 | =============== 
2016-05-28 18:34:44 | buyMin::TOO LOW SPEED, SKIP THIS PLAYER 
2016-05-28 18:34:44 | buyMin::PLAYER ALREADY BOUGHT 
2016-05-28 18:34:44 | buyMin::PLAYER ALREADY BOUGHT 
2016-05-28 18:34:44 | ------------------ 
2016-05-28 18:34:44 | =============== 
2016-05-28 18:34:44 | CONDITIONS CHECK 
2016-05-28 18:34:44 | findObject.maxb 4600 ||| maxCost 100000 
2016-05-28 18:34:44 | spendMoney 7600 ||| moneyLimit 8492 
2016-05-28 18:34:44 | boughtItems 2 ||| itemsLimit 8 
2016-05-28 18:34:44 | =============== 
2016-05-28 18:34:44 | buyMin::TOO LOW SPEED, SKIP THIS PLAYER 
2016-05-28 18:34:44 | buyMin::PLAYER ALREADY BOUGHT 
2016-05-28 18:34:44 | buyMin::PLAYER ALREADY BOUGHT 
2016-05-28 18:34:44 | ------------------ 
2016-05-28 18:34:44 | =============== 
2016-05-28 18:34:44 | CONDITIONS CHECK 
2016-05-28 18:34:44 | findObject.maxb 4600 ||| maxCost 100000 
2016-05-28 18:34:44 | spendMoney 7600 ||| moneyLimit 8492 
2016-05-28 18:34:44 | boughtItems 2 ||| itemsLimit 8 
2016-05-28 18:34:44 | =============== 
2016-05-28 18:34:44 | buyMin::PLAYER WITH ID 4089641751 IS ALREADY BOUGHT 
2016-05-28 18:34:44 | buyMin::PLAYER ALREADY BOUGHT 
2016-05-28 18:34:44 | buyMin::PLAYER ALREADY BOUGHT 
2016-05-28 18:34:44 | ------------------ 
2016-05-28 18:34:44 | =============== 
2016-05-28 18:34:44 | CONDITIONS CHECK 
2016-05-28 18:34:44 | findObject.maxb 4600 ||| maxCost 100000 
2016-05-28 18:34:44 | spendMoney 7600 ||| moneyLimit 8492 
2016-05-28 18:34:44 | boughtItems 2 ||| itemsLimit 8 
2016-05-28 18:34:44 | =============== 
2016-05-28 18:34:44 | buyMin::PLAYER WITH ID 4089648869 IS ALREADY BOUGHT 
2016-05-28 18:34:44 | buyMin::PLAYER ALREADY BOUGHT 
2016-05-28 18:34:44 | buyMin::PLAYER ALREADY BOUGHT 
2016-05-28 18:34:44 | ------------------ 
2016-05-28 18:34:44 | =============== 
2016-05-28 18:34:44 | CONDITIONS CHECK 
2016-05-28 18:34:44 | findObject.maxb 4600 ||| maxCost 100000 
2016-05-28 18:34:44 | spendMoney 7600 ||| moneyLimit 8492 
2016-05-28 18:34:44 | boughtItems 2 ||| itemsLimit 8 
2016-05-28 18:34:44 | =============== 
2016-05-28 18:34:44 | buyMin::PLAYER WITH ID 4089650485 IS ALREADY BOUGHT 
2016-05-28 18:34:44 | buyMin::PLAYER ALREADY BOUGHT 
2016-05-28 18:34:44 | buyMin::PLAYER ALREADY BOUGHT 
2016-05-28 18:34:44 | ------------------ 
2016-05-28 18:34:44 | =============== 
2016-05-28 18:34:44 | CONDITIONS CHECK 
2016-05-28 18:34:44 | findObject.maxb 4600 ||| maxCost 100000 
2016-05-28 18:34:44 | spendMoney 7600 ||| moneyLimit 8492 
2016-05-28 18:34:44 | boughtItems 2 ||| itemsLimit 8 
2016-05-28 18:34:44 | =============== 
2016-05-28 18:34:44 | buyMin::TOO LOW SPEED, SKIP THIS PLAYER 
2016-05-28 18:34:44 | buyMin::PLAYER ALREADY BOUGHT 
2016-05-28 18:34:44 | buyMin::PLAYER ALREADY BOUGHT 
2016-05-28 18:34:44 | ------------------ 
2016-05-28 18:34:44 | =============== 
2016-05-28 18:34:44 | CONDITIONS CHECK 
2016-05-28 18:34:44 | findObject.maxb 4600 ||| maxCost 100000 
2016-05-28 18:34:44 | spendMoney 7600 ||| moneyLimit 8492 
2016-05-28 18:34:44 | boughtItems 2 ||| itemsLimit 8 
2016-05-28 18:34:44 | =============== 
2016-05-28 18:34:44 | buyMin::TOO LOW SPEED, SKIP THIS PLAYER 
2016-05-28 18:34:44 | buyMin::PLAYER ALREADY BOUGHT 
2016-05-28 18:34:44 | buyMin::PLAYER ALREADY BOUGHT 
2016-05-28 18:34:44 | ------------------ 
2016-05-28 18:34:44 | =============== 
2016-05-28 18:34:44 | CONDITIONS CHECK 
2016-05-28 18:34:44 | findObject.maxb 4600 ||| maxCost 100000 
2016-05-28 18:34:44 | spendMoney 7600 ||| moneyLimit 8492 
2016-05-28 18:34:44 | boughtItems 2 ||| itemsLimit 8 
2016-05-28 18:34:44 | =============== 
2016-05-28 18:34:44 | buyMin::PLAYER WITH ID 4089719354 IS ALREADY BOUGHT 
2016-05-28 18:34:44 | buyMin::PLAYER ALREADY BOUGHT 
2016-05-28 18:34:44 | buyMin::PLAYER ALREADY BOUGHT 
2016-05-28 18:34:44 | ------------------ 
2016-05-28 18:34:44 | =============== 
2016-05-28 18:34:44 | CONDITIONS CHECK 
2016-05-28 18:34:44 | findObject.maxb 4600 ||| maxCost 100000 
2016-05-28 18:34:44 | spendMoney 7600 ||| moneyLimit 8492 
2016-05-28 18:34:44 | boughtItems 2 ||| itemsLimit 8 
2016-05-28 18:34:44 | =============== 
2016-05-28 18:34:44 | buyMin::TOO LOW SPEED, SKIP THIS PLAYER 
2016-05-28 18:34:44 | buyMin::PLAYER ALREADY BOUGHT 
2016-05-28 18:34:44 | buyMin::PLAYER ALREADY BOUGHT 
2016-05-28 18:34:44 | ------------------ 
2016-05-28 18:34:44 | =============== 
2016-05-28 18:34:44 | CONDITIONS CHECK 
2016-05-28 18:34:44 | findObject.maxb 4600 ||| maxCost 100000 
2016-05-28 18:34:44 | spendMoney 7600 ||| moneyLimit 8492 
2016-05-28 18:34:44 | boughtItems 2 ||| itemsLimit 8 
2016-05-28 18:34:44 | =============== 
2016-05-28 18:34:44 | buyMin::PLAYER WITH ID 4089730935 IS ALREADY BOUGHT 
2016-05-28 18:34:44 | buyMin::PLAYER ALREADY BOUGHT 
2016-05-28 18:34:44 | buyMin::PLAYER ALREADY BOUGHT 
2016-05-28 18:34:44 | ------------------ 
2016-05-28 18:34:44 | EACH COMPLETED 
2016-05-28 18:34:44 | handler::NEW CYCLE 
2016-05-28 18:34:45 | =============== 
2016-05-28 18:34:45 | CONDITIONS CHECK 
2016-05-28 18:34:45 | findObject.maxb 4600 ||| maxCost 100000 
2016-05-28 18:34:45 | spendMoney 7600 ||| moneyLimit 8492 
2016-05-28 18:34:45 | boughtItems 2 ||| itemsLimit 8 
2016-05-28 18:34:45 | =============== 
2016-05-28 18:34:45 | search:: { type: 'player',
  rare: 'SP',
  minb: 4000,
  maxb: 4800,
  start: 0,
  num: 20 } 
2016-05-28 18:34:50 | [ { id: 104919779781, rare: 3, rating: 64, buyNowPrice: 4300 },
  { id: 104950279285, rare: 11, rating: 64, buyNowPrice: 4100 },
  { id: 104922719184, rare: 11, rating: 64, buyNowPrice: 4300 },
  { id: 104947413829, rare: 11, rating: 64, buyNowPrice: 4100 },
  { id: 105396479587, rare: 3, rating: 64, buyNowPrice: 4200 },
  { id: 104893317513, rare: 3, rating: 64, buyNowPrice: 4100 },
  { id: 104880143831, rare: 3, rating: 64, buyNowPrice: 4500 },
  { id: 104977562054, rare: 11, rating: 64, buyNowPrice: 4000 },
  { id: 104974651034, rare: 3, rating: 64, buyNowPrice: 4300 },
  { id: 105422205995, rare: 3, rating: 64, buyNowPrice: 4200 },
  { id: 104862963329, rare: 11, rating: 64, buyNowPrice: 4100 },
  { id: 104861492531, rare: 3, rating: 64, buyNowPrice: 4400 },
  { id: 104921715206, rare: 11, rating: 64, buyNowPrice: 4000 },
  { id: 104878776093, rare: 11, rating: 64, buyNowPrice: 4500 },
  { id: 104876062009, rare: 11, rating: 64, buyNowPrice: 4000 },
  { id: 104959084764, rare: 11, rating: 64, buyNowPrice: 4200 },
  { id: 104832690159, rare: 3, rating: 64, buyNowPrice: 4500 },
  { id: 104865921324, rare: 11, rating: 64, buyNowPrice: 4000 },
  { id: 105013456809, rare: 11, rating: 64, buyNowPrice: 4000 },
  { id: 104913853928, rare: 11, rating: 64, buyNowPrice: 4100 } ] 
2016-05-28 18:34:50 | search::completed, found : 20 elements 
2016-05-28 18:34:50 | =============== 
2016-05-28 18:34:50 | CONDITIONS CHECK 
2016-05-28 18:34:50 | findObject.maxb 4800 ||| maxCost 100000 
2016-05-28 18:34:50 | spendMoney 7600 ||| moneyLimit 8492 
2016-05-28 18:34:50 | boughtItems 2 ||| itemsLimit 8 
2016-05-28 18:34:50 | =============== 
2016-05-28 18:34:50 | buyMin::PLAYER WITH ID 4089374753 IS ALREADY BOUGHT 
2016-05-28 18:34:50 | buyMin::PLAYER ALREADY BOUGHT 
2016-05-28 18:34:50 | buyMin::PLAYER ALREADY BOUGHT 
2016-05-28 18:34:50 | ------------------ 
2016-05-28 18:34:50 | =============== 
2016-05-28 18:34:50 | CONDITIONS CHECK 
2016-05-28 18:34:50 | findObject.maxb 4800 ||| maxCost 100000 
2016-05-28 18:34:50 | spendMoney 7600 ||| moneyLimit 8492 
2016-05-28 18:34:50 | boughtItems 2 ||| itemsLimit 8 
2016-05-28 18:34:50 | =============== 
2016-05-28 18:34:50 | buyMin::TOO LOW SPEED, SKIP THIS PLAYER 
2016-05-28 18:34:50 | buyMin::PLAYER ALREADY BOUGHT 
2016-05-28 18:34:50 | buyMin::PLAYER ALREADY BOUGHT 
2016-05-28 18:34:50 | ------------------ 
2016-05-28 18:34:50 | =============== 
2016-05-28 18:34:50 | CONDITIONS CHECK 
2016-05-28 18:34:50 | findObject.maxb 4800 ||| maxCost 100000 
2016-05-28 18:34:50 | spendMoney 7600 ||| moneyLimit 8492 
2016-05-28 18:34:50 | boughtItems 2 ||| itemsLimit 8 
2016-05-28 18:34:50 | =============== 
2016-05-28 18:34:50 | buyMin::TOO LOW SPEED, SKIP THIS PLAYER 
2016-05-28 18:34:50 | buyMin::PLAYER ALREADY BOUGHT 
2016-05-28 18:34:50 | buyMin::PLAYER ALREADY BOUGHT 
2016-05-28 18:34:50 | ------------------ 
2016-05-28 18:34:50 | =============== 
2016-05-28 18:34:50 | CONDITIONS CHECK 
2016-05-28 18:34:50 | findObject.maxb 4800 ||| maxCost 100000 
2016-05-28 18:34:50 | spendMoney 7600 ||| moneyLimit 8492 
2016-05-28 18:34:50 | boughtItems 2 ||| itemsLimit 8 
2016-05-28 18:34:50 | =============== 
2016-05-28 18:34:50 | buyMin::TOO LOW SPEED, SKIP THIS PLAYER 
2016-05-28 18:34:50 | buyMin::PLAYER ALREADY BOUGHT 
2016-05-28 18:34:50 | buyMin::PLAYER ALREADY BOUGHT 
2016-05-28 18:34:50 | ------------------ 
2016-05-28 18:34:50 | =============== 
2016-05-28 18:34:50 | CONDITIONS CHECK 
2016-05-28 18:34:50 | findObject.maxb 4800 ||| maxCost 100000 
2016-05-28 18:34:50 | spendMoney 7600 ||| moneyLimit 8492 
2016-05-28 18:34:50 | boughtItems 2 ||| itemsLimit 8 
2016-05-28 18:34:50 | =============== 
2016-05-28 18:34:50 | buyMin::TOO LOW SPEED, SKIP THIS PLAYER 
2016-05-28 18:34:50 | buyMin::PLAYER ALREADY BOUGHT 
2016-05-28 18:34:50 | buyMin::PLAYER ALREADY BOUGHT 
2016-05-28 18:34:50 | ------------------ 
2016-05-28 18:34:50 | =============== 
2016-05-28 18:34:50 | CONDITIONS CHECK 
2016-05-28 18:34:50 | findObject.maxb 4800 ||| maxCost 100000 
2016-05-28 18:34:50 | spendMoney 7600 ||| moneyLimit 8492 
2016-05-28 18:34:50 | boughtItems 2 ||| itemsLimit 8 
2016-05-28 18:34:50 | =============== 
2016-05-28 18:34:50 | buyMin::TOO LOW SPEED, SKIP THIS PLAYER 
2016-05-28 18:34:50 | buyMin::PLAYER ALREADY BOUGHT 
2016-05-28 18:34:50 | buyMin::PLAYER ALREADY BOUGHT 
2016-05-28 18:34:50 | ------------------ 
2016-05-28 18:34:50 | =============== 
2016-05-28 18:34:50 | CONDITIONS CHECK 
2016-05-28 18:34:50 | findObject.maxb 4800 ||| maxCost 100000 
2016-05-28 18:34:50 | spendMoney 7600 ||| moneyLimit 8492 
2016-05-28 18:34:50 | boughtItems 2 ||| itemsLimit 8 
2016-05-28 18:34:50 | =============== 
2016-05-28 18:34:50 | buyMin::TOO LOW SPEED, SKIP THIS PLAYER 
2016-05-28 18:34:50 | buyMin::PLAYER ALREADY BOUGHT 
2016-05-28 18:34:50 | buyMin::PLAYER ALREADY BOUGHT 
2016-05-28 18:34:50 | ------------------ 
2016-05-28 18:34:50 | =============== 
2016-05-28 18:34:50 | CONDITIONS CHECK 
2016-05-28 18:34:50 | findObject.maxb 4800 ||| maxCost 100000 
2016-05-28 18:34:50 | spendMoney 7600 ||| moneyLimit 8492 
2016-05-28 18:34:50 | boughtItems 2 ||| itemsLimit 8 
2016-05-28 18:34:50 | =============== 
2016-05-28 18:34:50 | buyMin::TOO LOW SPEED, SKIP THIS PLAYER 
2016-05-28 18:34:50 | buyMin::PLAYER ALREADY BOUGHT 
2016-05-28 18:34:50 | buyMin::PLAYER ALREADY BOUGHT 
2016-05-28 18:34:50 | ------------------ 
2016-05-28 18:34:50 | =============== 
2016-05-28 18:34:50 | CONDITIONS CHECK 
2016-05-28 18:34:50 | findObject.maxb 4800 ||| maxCost 100000 
2016-05-28 18:34:50 | spendMoney 7600 ||| moneyLimit 8492 
2016-05-28 18:34:50 | boughtItems 2 ||| itemsLimit 8 
2016-05-28 18:34:50 | =============== 
2016-05-28 18:34:50 | buyMin::PLAYER WITH ID 4089648869 IS ALREADY BOUGHT 
2016-05-28 18:34:50 | buyMin::PLAYER ALREADY BOUGHT 
2016-05-28 18:34:50 | buyMin::PLAYER ALREADY BOUGHT 
2016-05-28 18:34:50 | ------------------ 
2016-05-28 18:34:50 | =============== 
2016-05-28 18:34:50 | CONDITIONS CHECK 
2016-05-28 18:34:50 | findObject.maxb 4800 ||| maxCost 100000 
2016-05-28 18:34:50 | spendMoney 7600 ||| moneyLimit 8492 
2016-05-28 18:34:50 | boughtItems 2 ||| itemsLimit 8 
2016-05-28 18:34:50 | =============== 
2016-05-28 18:34:50 | buyMin::TOO LOW SPEED, SKIP THIS PLAYER 
2016-05-28 18:34:50 | buyMin::PLAYER ALREADY BOUGHT 
2016-05-28 18:34:50 | buyMin::PLAYER ALREADY BOUGHT 
2016-05-28 18:34:50 | ------------------ 
2016-05-28 18:34:50 | =============== 
2016-05-28 18:34:50 | CONDITIONS CHECK 
2016-05-28 18:34:50 | findObject.maxb 4800 ||| maxCost 100000 
2016-05-28 18:34:50 | spendMoney 7600 ||| moneyLimit 8492 
2016-05-28 18:34:50 | boughtItems 2 ||| itemsLimit 8 
2016-05-28 18:34:50 | =============== 
2016-05-28 18:34:50 | buyMin::TOO LOW SPEED, SKIP THIS PLAYER 
2016-05-28 18:34:50 | buyMin::PLAYER ALREADY BOUGHT 
2016-05-28 18:34:50 | buyMin::PLAYER ALREADY BOUGHT 
2016-05-28 18:34:50 | ------------------ 
2016-05-28 18:34:50 | =============== 
2016-05-28 18:34:50 | CONDITIONS CHECK 
2016-05-28 18:34:50 | findObject.maxb 4800 ||| maxCost 100000 
2016-05-28 18:34:50 | spendMoney 7600 ||| moneyLimit 8492 
2016-05-28 18:34:50 | boughtItems 2 ||| itemsLimit 8 
2016-05-28 18:34:50 | =============== 
2016-05-28 18:34:50 | buyMin::PLAYER WITH ID 4089719354 IS ALREADY BOUGHT 
2016-05-28 18:34:50 | buyMin::PLAYER ALREADY BOUGHT 
2016-05-28 18:34:50 | buyMin::PLAYER ALREADY BOUGHT 
2016-05-28 18:34:50 | ------------------ 
2016-05-28 18:34:50 | =============== 
2016-05-28 18:34:50 | CONDITIONS CHECK 
2016-05-28 18:34:50 | findObject.maxb 4800 ||| maxCost 100000 
2016-05-28 18:34:50 | spendMoney 7600 ||| moneyLimit 8492 
2016-05-28 18:34:50 | boughtItems 2 ||| itemsLimit 8 
2016-05-28 18:34:50 | =============== 
2016-05-28 18:34:50 | buyMin::PLAYER WITH ID 4089730935 IS ALREADY BOUGHT 
2016-05-28 18:34:50 | buyMin::PLAYER ALREADY BOUGHT 
2016-05-28 18:34:50 | buyMin::PLAYER ALREADY BOUGHT 
2016-05-28 18:34:50 | ------------------ 
2016-05-28 18:34:50 | =============== 
2016-05-28 18:34:50 | CONDITIONS CHECK 
2016-05-28 18:34:50 | findObject.maxb 4800 ||| maxCost 100000 
2016-05-28 18:34:50 | spendMoney 7600 ||| moneyLimit 8492 
2016-05-28 18:34:50 | boughtItems 2 ||| itemsLimit 8 
2016-05-28 18:34:50 | =============== 
2016-05-28 18:34:57 | buyMin::PLAYERS FOUND BY ID 208306 NUMBER 31 
2016-05-28 18:35:02 | buyMin::prices for current [ 4000, 4000, 4100, 4200, 4300, 4500, 4500, 4700, 4900, 4900 ] 
2016-05-28 18:35:02 | buyMin::BUY FOR * 4000 
2016-05-28 18:35:02 | buyMin::AVERAGE COST * 4400 
2016-05-28 18:35:02 | buyMin::PLAYER 4089731017 WITH RATING * 64 * BOUGHT FOR 4000 
2016-05-28 18:35:02 | toTradepile::player 104878776093 
2016-05-28 18:35:09 | toTradepile::PLAYER 4089731017 WITH RATING 64 SEND TO TRADEPILE 
2016-05-28 18:35:15 | sell:: { id: 4090460663, idStr: '4090460663' } 
2016-05-28 18:35:15 | sell::PLAYER 4089731017 WITH RATING 64 SEND TO TRANSFER, BID 4300 , BUY NOW 4400 
2016-05-28 18:35:15 | ------------------ 
2016-05-28 18:35:15 | =============== 
2016-05-28 18:35:15 | CONDITIONS CHECK 
2016-05-28 18:35:15 | findObject.maxb 4800 ||| maxCost 100000 
2016-05-28 18:35:15 | spendMoney 11600 ||| moneyLimit 8492 
2016-05-28 18:35:15 | boughtItems 3 ||| itemsLimit 8 
2016-05-28 18:35:15 | =============== 
2016-05-28 18:35:15 | strategy::STRATEGY ENDED WITH CONDITIONS 
2016-05-28 18:35:15 | error::STRATEGY ENDED WITH CONDITIONS [Error: NO MORE MONEY FOR CONTINUE] 
2016-05-28 18:35:15 | buyAndSellWithIncreasingCost::STRATEGY FINISHED WITH CONDITION 
